[22-Oct-2022 20:29:32 UTC] PHP Warning:  require(D:\laravel\laravel-vue3-vite-master\laravel-vue3-vite-master/vendor/autoload.php): Failed to open stream: No such file or directory in D:\laravel\laravel-vue3-vite-master\laravel-vue3-vite-master\artisan on line 18
[22-Oct-2022 20:29:32 UTC] PHP Fatal error:  Uncaught Error: Failed opening required 'D:\laravel\laravel-vue3-vite-master\laravel-vue3-vite-master/vendor/autoload.php' (include_path='.;C:\php\pear') in D:\laravel\laravel-vue3-vite-master\laravel-vue3-vite-master\artisan:18
Stack trace:
#0 {main}
  thrown in D:\laravel\laravel-vue3-vite-master\laravel-vue3-vite-master\artisan on line 18
[22-Oct-2022 20:30:38 UTC] PHP Warning:  require(D:\laravel\laravel-vue3-vite-master\laravel-vue3-vite-master/vendor/autoload.php): Failed to open stream: No such file or directory in D:\laravel\laravel-vue3-vite-master\laravel-vue3-vite-master\artisan on line 18
[22-Oct-2022 20:30:38 UTC] PHP Fatal error:  Uncaught Error: Failed opening required 'D:\laravel\laravel-vue3-vite-master\laravel-vue3-vite-master/vendor/autoload.php' (include_path='.;C:\php\pear') in D:\laravel\laravel-vue3-vite-master\laravel-vue3-vite-master\artisan:18
Stack trace:
#0 {main}
  thrown in D:\laravel\laravel-vue3-vite-master\laravel-vue3-vite-master\artisan on line 18
[27-Feb-2023 12:58:12 UTC] PHP Warning:  Module "openssl" is already loaded in Unknown on line 0
[27-Feb-2023 18:55:54 UTC] PHP Warning:  Module "openssl" is already loaded in Unknown on line 0
[27-Feb-2023 19:08:07 UTC] PHP Warning:  Module "openssl" is already loaded in Unknown on line 0
[28-Feb-2023 11:31:27 UTC] PHP Warning:  Module "openssl" is already loaded in Unknown on line 0
[28-Feb-2023 13:36:28 UTC] PHP Warning:  Module "openssl" is already loaded in Unknown on line 0
[28-Feb-2023 13:37:05 UTC] PHP Warning:  Module "openssl" is already loaded in Unknown on line 0
[28-Feb-2023 20:23:57 UTC] PHP Warning:  Module "openssl" is already loaded in Unknown on line 0
[28-Feb-2023 20:45:44 UTC] PHP Warning:  Module "openssl" is already loaded in Unknown on line 0
[01-Mar-2023 12:07:19 UTC] PHP Warning:  Module "openssl" is already loaded in Unknown on line 0
[01-Mar-2023 12:20:44 UTC] PHP Warning:  Module "openssl" is already loaded in Unknown on line 0
[01-Mar-2023 13:04:37 UTC] PHP Warning:  Module "openssl" is already loaded in Unknown on line 0
[04-Mar-2023 12:13:01 UTC] PHP Warning:  Module "openssl" is already loaded in Unknown on line 0
[20-Mar-2023 20:57:46 UTC] PHP Warning:  Module "openssl" is already loaded in Unknown on line 0
[20-Mar-2023 20:57:59 UTC] PHP Warning:  Module "openssl" is already loaded in Unknown on line 0
[26-Mar-2023 19:59:08 UTC] PHP Warning:  Module "openssl" is already loaded in Unknown on line 0
[26-Mar-2023 19:59:14 UTC] PHP Warning:  Module "openssl" is already loaded in Unknown on line 0
[27-Mar-2023 12:39:17 UTC] PHP Warning:  Module "openssl" is already loaded in Unknown on line 0
[27-Mar-2023 12:39:39 UTC] PHP Warning:  Module "openssl" is already loaded in Unknown on line 0
[31-Mar-2023 21:39:09 UTC] PHP Warning:  Module "openssl" is already loaded in Unknown on line 0
[31-Mar-2023 21:39:19 UTC] PHP Warning:  Module "openssl" is already loaded in Unknown on line 0
[01-Apr-2023 20:42:15 UTC] PHP Warning:  Module "openssl" is already loaded in Unknown on line 0
[01-Apr-2023 20:50:44 UTC] PHP Warning:  Module "openssl" is already loaded in Unknown on line 0
[21-Apr-2023 22:38:07 UTC] PHP Warning:  Module "openssl" is already loaded in Unknown on line 0
[21-Apr-2023 22:38:10 UTC] PHP Warning:  Module "openssl" is already loaded in Unknown on line 0
[21-Apr-2023 23:34:18 UTC] PHP Warning:  Module "openssl" is already loaded in Unknown on line 0
[22-Apr-2023 10:56:04 UTC] PHP Warning:  Module "openssl" is already loaded in Unknown on line 0
[22-Apr-2023 11:13:28 UTC] PHP Warning:  Module "openssl" is already loaded in Unknown on line 0
[22-Apr-2023 11:16:27 UTC] PHP Warning:  Module "openssl" is already loaded in Unknown on line 0
[22-Apr-2023 11:16:27 UTC] PHP Warning:  Module "openssl" is already loaded in Unknown on line 0
[22-Apr-2023 11:16:32 UTC] PHP Warning:  Module "openssl" is already loaded in Unknown on line 0
[22-Apr-2023 11:25:19 UTC] PHP Warning:  Module "openssl" is already loaded in Unknown on line 0
[22-Apr-2023 11:26:11 UTC] PHP Warning:  Module "openssl" is already loaded in Unknown on line 0
[22-Apr-2023 11:27:08 UTC] PHP Warning:  Module "openssl" is already loaded in Unknown on line 0
[22-Apr-2023 11:30:24 UTC] PHP Warning:  Module "openssl" is already loaded in Unknown on line 0
[22-Apr-2023 11:32:42 UTC] PHP Warning:  Module "openssl" is already loaded in Unknown on line 0
[22-Apr-2023 11:36:53 UTC] PHP Warning:  Module "openssl" is already loaded in Unknown on line 0
[22-Apr-2023 11:44:08 UTC] PHP Warning:  Module "openssl" is already loaded in Unknown on line 0
[22-Apr-2023 11:47:42 UTC] PHP Warning:  Module "openssl" is already loaded in Unknown on line 0
[22-Apr-2023 19:42:10 UTC] PHP Warning:  Module "openssl" is already loaded in Unknown on line 0
[22-Apr-2023 19:53:07 UTC] PHP Warning:  Module "openssl" is already loaded in Unknown on line 0
[23-Apr-2023 10:00:05 UTC] PHP Warning:  Module "openssl" is already loaded in Unknown on line 0
[23-Apr-2023 10:10:44 UTC] PHP Warning:  Module "openssl" is already loaded in Unknown on line 0
[23-Apr-2023 18:56:00 UTC] PHP Warning:  Module "openssl" is already loaded in Unknown on line 0
[23-Apr-2023 18:58:56 UTC] PHP Warning:  Module "openssl" is already loaded in Unknown on line 0
[23-Apr-2023 18:59:10 UTC] PHP Warning:  Module "openssl" is already loaded in Unknown on line 0
